2012-06-17 15:51:45,058 INFO  Euclide - (SelectToolAction.java:60) - select tool: createMacro
2012-06-17 15:51:57,396 INFO  Euclide - (SelectToolAction.java:60) - select tool: runMacro
2012-06-17 15:52:04,227 INFO  Euclide - (SelectToolAction.java:60) - select tool: moveFreePoints
2012-06-17 15:52:18,582 INFO  Euclide - (SelectToolAction.java:60) - select tool: addVector2Points
2012-06-17 15:52:21,565 INFO  Euclide - (SetVectorNameDialog.java:98) - Vector Vect01 added
2012-06-17 15:52:26,081 INFO  Euclide - (ChooseVectorDialog.java:136) - Choose vector: Vect01
2012-06-17 15:52:26,082 INFO  Euclide - (ChooseVectorDialog.java:136) - Choose vector: Vect01
2012-06-17 15:52:27,568 INFO  Euclide - (ChooseVectorDialog.java:136) - Choose vector: Vect01
2012-06-17 15:52:27,569 INFO  Euclide - (ChooseVectorDialog.java:136) - Choose vector: Vect01
2012-06-17 15:52:31,102 INFO  Euclide - (SetVectorNameDialog.java:98) - Vector Vect02 added
2012-06-17 18:31:14,864 INFO  Euclide - (EuclideMainFrame.java:389) - close frame
2012-06-17 18:31:16,217 INFO  Euclide - (EuclideGui.java:1023) - Remove doc from gui: NoName
2012-06-17 18:31:16,218 INFO  Euclide - (EuclideGui.java:1006) - Change current doc to: NoName1
2012-06-17 18:31:16,224 INFO  Euclide - (EuclideMainFrame.java:186) - Add a view
2012-06-17 18:31:16,225 INFO  Euclide - (EuclideMainFrame.java:202) - Change current view
2012-06-17 18:31:16,226 INFO  Euclide - (EuclideMainFrame.java:214) -   change current doc to: NoName1
2012-06-17 18:31:18,273 INFO  Euclide - (EuclideGui.java:1023) - Remove doc from gui: NoName1
2012-06-17 18:31:18,274 INFO  Euclide - (EuclideGui.java:1006) - Change current doc to: NoName2
2012-06-17 18:31:18,276 INFO  Euclide - (EuclideMainFrame.java:202) - Change current view
2012-06-17 18:31:18,277 INFO  Euclide - (EuclideMainFrame.java:214) -   change current doc to: NoName2
2012-06-17 18:31:19,659 INFO  Euclide - (EuclideGui.java:1023) - Remove doc from gui: NoName2
